0 info it worked if it ends with ok
1 verbose cli [ '/var/lib/jenkins/tools/jenkins.plugins.nodejs.tools.NodeJSInstallation/Node5.6/bin/node',
1 verbose cli   '/var/lib/jenkins/tools/jenkins.plugins.nodejs.tools.NodeJSInstallation/Node5.6/bin/npm',
1 verbose cli   'publish' ]
2 info using npm@3.6.0
3 info using node@v5.6.0
4 verbose publish [ '.' ]
5 silly cache add args [ '.', null ]
6 verbose cache add spec .
7 silly cache add parsed spec Result {
7 silly cache add   raw: '.',
7 silly cache add   scope: null,
7 silly cache add   name: null,
7 silly cache add   rawSpec: '.',
7 silly cache add   spec: '/var/lib/jenkins/jobs/PublishFiixCmmsClientJSTest/workspace/fiix-cmms-client',
7 silly cache add   type: 'directory' }
8 verbose addLocalDirectory /var/lib/jenkins/.npm/fiix-cmms-client/2.6.4/package.tgz not in flight; packing
9 verbose correctMkdir /var/lib/jenkins/.npm correctMkdir not in flight; initializing
10 info lifecycle fiix-cmms-client@2.6.4~prepublish: fiix-cmms-client@2.6.4
11 silly lifecycle fiix-cmms-client@2.6.4~prepublish: no script for prepublish, continuing
12 verbose tar pack [ '/var/lib/jenkins/.npm/fiix-cmms-client/2.6.4/package.tgz',
12 verbose tar pack   '/var/lib/jenkins/jobs/PublishFiixCmmsClientJSTest/workspace/fiix-cmms-client' ]
13 verbose tarball /var/lib/jenkins/.npm/fiix-cmms-client/2.6.4/package.tgz
14 verbose folder /var/lib/jenkins/jobs/PublishFiixCmmsClientJSTest/workspace/fiix-cmms-client
15 verbose addLocalTarball adding from inside cache /var/lib/jenkins/.npm/fiix-cmms-client/2.6.4/package.tgz
16 verbose correctMkdir /var/lib/jenkins/.npm correctMkdir not in flight; initializing
17 silly cache afterAdd fiix-cmms-client@2.6.4
18 verbose afterAdd /var/lib/jenkins/.npm/fiix-cmms-client/2.6.4/package/package.json not in flight; writing
19 verbose correctMkdir /var/lib/jenkins/.npm correctMkdir not in flight; initializing
20 verbose afterAdd /var/lib/jenkins/.npm/fiix-cmms-client/2.6.4/package/package.json written
21 silly publish { name: 'fiix-cmms-client',
21 silly publish   description: 'Fiix CMMS Javascript Client',
21 silly publish   author:
21 silly publish    { name: 'Fiix',
21 silly publish      email: 'support@fiixsoftware.com',
21 silly publish      url: 'https://www.fiixsoftware.com' },
21 silly publish   version: '2.6.4',
21 silly publish   homepage: 'https://fiixlabs.github.io/api-documentation',
21 silly publish   keywords: [ 'api', 'sdk', 'cmms', 'iot', 'maintenance assistant', 'fiix' ],
21 silly publish   licenses:
21 silly publish    [ { type: 'Apache 2.0',
21 silly publish        url: 'http://www.apache.org/licenses/LICENSE-2.0' } ],
21 silly publish   main: 'index.js',
21 silly publish   dependencies: { http: 'latest', https: 'latest' },
21 silly publish   devDependencies:
21 silly publish    { grunt: '~0.4.5',
21 silly publish      'grunt-cli': '^1.2.0',
21 silly publish      'grunt-contrib-clean': '^0.5.0',
21 silly publish      'grunt-contrib-compress': '^0.9.1',
21 silly publish      'grunt-contrib-concat': '^0.4.0',
21 silly publish      'grunt-contrib-copy': '^0.5.0',
21 silly publish      'grunt-contrib-jasmine': '^0.5.2',
21 silly publish      'grunt-contrib-jshint': '~0.10.0',
21 silly publish      'grunt-contrib-nodeunit': '~0.3.3',
21 silly publish      'grunt-contrib-uglify': '~0.4.0',
21 silly publish      'grunt-jasmine-node': '^0.2.1',
21 silly publish      'grunt-npm': '0.0.2',
21 silly publish      'grunt-properties': '^0.2.1',
21 silly publish      'grunt-text-replace': '^0.3.12',
21 silly publish      karma: '^0.12.17',
21 silly publish      'karma-chrome-launcher': '^0.1.4',
21 silly publish      'karma-jasmine': '^0.1.5',
21 silly publish      'karma-phantomjs-launcher': '^0.1.4' },
21 silly publish   scripts:
21 silly publish    { build: 'grunt build',
21 silly publish      test: 'grunt --api-tests-properties-path=$API_TESTS_PROPS_PATH --verbose',
21 silly publish      version: 'echo $npm_package_version' },
21 silly publish   engine: 'node >= 0.6.6',
21 silly publish   publishConfig: { registry: 'https://repo.fiixlabs.com/repository/fiix-public-npm/' },
21 silly publish   readme: '# Fiix CMMS client for JavaScript\n\nThe official [Fiix CMMS](https://www.fiixsoftware.com) client for JavaScript, works in browsers, Node.js, and React-native.\n\n## Installation\n\n```sh\nnpm install fiix-cmms-client\n```\n\nOr you can download the package [here](https://fiixlabs.github.io/api-documentation/sdk.html).\n## Usage and Getting Started\n\nYou can find the "Getting Started" guide [here](https://fiixlabs.github.io/api-documentation/guide.html).\n\n## License\n\nDistributed under the\n[Apache License, Version 2.0](http://www.apache.org/licenses/LICENSE-2.0),\nsee LICENSE.txt and NOTICE.txt for more information.\n',
21 silly publish   readmeFilename: 'README.md',
21 silly publish   gitHead: '131715ccae8a9a89de6435960fc2be535f6de97c',
21 silly publish   _id: 'fiix-cmms-client@2.6.4',
21 silly publish   _shasum: '0c8e3addd080551748af2518260192bd6ebcb5f7',
21 silly publish   _from: '.' }
22 verbose getPublishConfig { registry: 'https://repo.fiixlabs.com/repository/fiix-public-npm/' }
23 silly mapToRegistry name fiix-cmms-client
24 silly mapToRegistry using default registry
25 silly mapToRegistry registry https://repo.fiixlabs.com/repository/fiix-public-npm/
26 silly mapToRegistry uri https://repo.fiixlabs.com/repository/fiix-public-npm/fiix-cmms-client
27 verbose publish registryBase https://repo.fiixlabs.com/repository/fiix-public-npm/
28 silly publish uploading /var/lib/jenkins/.npm/fiix-cmms-client/2.6.4/package.tgz
29 verbose request uri https://repo.fiixlabs.com/repository/fiix-public-npm/fiix-cmms-client
30 verbose request sending authorization for write operation
31 info attempt registry request try #1 at 5:27:50 PM
32 verbose request id 5ec736708770685c
33 http request PUT https://repo.fiixlabs.com/repository/fiix-public-npm/fiix-cmms-client
34 http 401 https://repo.fiixlabs.com/repository/fiix-public-npm/fiix-cmms-client
35 verbose headers { date: 'Fri, 12 Oct 2018 17:27:50 GMT',
35 verbose headers   'content-length': '0',
35 verbose headers   connection: 'keep-alive',
35 verbose headers   server: 'Nexus/3.13.0-01 (OSS)',
35 verbose headers   'x-content-type-options': 'nosniff',
35 verbose headers   'www-authenticate': 'BASIC realm="Sonatype Nexus Repository Manager"' }
36 verbose request invalidating /var/lib/jenkins/.npm/repo.fiixlabs.com/repository/fiix-public-npm/fiix-cmms-client on PUT
37 error publish Failed PUT 401
38 verbose stack Error: 401 Unauthorized
38 verbose stack     at makeError (/var/lib/jenkins/tools/jenkins.plugins.nodejs.tools.NodeJSInstallation/Node5.6/lib/node_modules/npm/node_modules/npm-registry-client/lib/request.js:264:12)
38 verbose stack     at CachingRegistryClient.<anonymous> (/var/lib/jenkins/tools/jenkins.plugins.nodejs.tools.NodeJSInstallation/Node5.6/lib/node_modules/npm/node_modules/npm-registry-client/lib/request.js:215:9)
38 verbose stack     at Request._callback (/var/lib/jenkins/tools/jenkins.plugins.nodejs.tools.NodeJSInstallation/Node5.6/lib/node_modules/npm/node_modules/npm-registry-client/lib/request.js:172:14)
38 verbose stack     at Request.self.callback (/var/lib/jenkins/tools/jenkins.plugins.nodejs.tools.NodeJSInstallation/Node5.6/lib/node_modules/npm/node_modules/request/request.js:198:22)
38 verbose stack     at emitTwo (events.js:100:13)
38 verbose stack     at Request.emit (events.js:185:7)
38 verbose stack     at Request.<anonymous> (/var/lib/jenkins/tools/jenkins.plugins.nodejs.tools.NodeJSInstallation/Node5.6/lib/node_modules/npm/node_modules/request/request.js:1035:10)
38 verbose stack     at emitOne (events.js:95:20)
38 verbose stack     at Request.emit (events.js:182:7)
38 verbose stack     at IncomingMessage.<anonymous> (/var/lib/jenkins/tools/jenkins.plugins.nodejs.tools.NodeJSInstallation/Node5.6/lib/node_modules/npm/node_modules/request/request.js:962:12)
39 verbose statusCode 401
40 verbose cwd /var/lib/jenkins/jobs/PublishFiixCmmsClientJSTest/workspace/fiix-cmms-client
41 error Linux 4.14.72-68.55.amzn1.x86_64
42 error argv "/var/lib/jenkins/tools/jenkins.plugins.nodejs.tools.NodeJSInstallation/Node5.6/bin/node" "/var/lib/jenkins/tools/jenkins.plugins.nodejs.tools.NodeJSInstallation/Node5.6/bin/npm" "publish"
43 error node v5.6.0
44 error npm  v3.6.0
45 error code E401
46 error 401 Unauthorized
47 error If you need help, you may report this error at:
47 error     <https://github.com/npm/npm/issues>
48 verbose exit [ 1, true ]
